1556782914313:help
1556782921255:help me out
1556783785529:foo
1556785530283:help me out
1557128120362:new
1557128124254:new Foo
1557128131312:new "foo"
1557128138303:stacktrace
1557128217235:new "foo"
1557128674478:info
1557128677572:new "foo"
1557128679748:info
1557129113867:inventory
1557129117303:new "foo"
1557129119272:inventory
1557129157990:new "foo"
1557129159680:inventory
1557129189488:inv
1557129195841:new "foo"
1557129196887:inv
1557129229989:new "bla"
1557129231129:inv
1557218927008:info
1557218967453:new "foo"
1557218971142:info
1557218977823:help
1557218981750:inv
